17:07:22.781 [application-akka.actor.default-dispatcher-7] INFO  akka.event.slf4j.Slf4jLogger - Slf4jLogger started
17:07:22.797 [play-dev-mode-akka.actor.default-dispatcher-10] DEBUG p.a.l.concurrent.ActorSystemProvider - Starting application default Akka system: application
17:07:22.797 [play-dev-mode-akka.actor.default-dispatcher-10] DEBUG n.s.e.config.ConfigurationFactory - Configuring ehcache from URL: jar:file:/C:/Users/svloeger/.ivy2/cache/com.typesafe.play/play-ehcache_2.12/jars/play-ehcache_2.12-2.6.6.jar!/ehcache-default.xml
17:07:22.797 [play-dev-mode-akka.actor.default-dispatcher-10] DEBUG n.s.e.config.ConfigurationFactory - Configuring ehcache from InputStream
17:07:22.797 [play-dev-mode-akka.actor.default-dispatcher-10] DEBUG net.sf.ehcache.config.BeanHandler - Ignoring ehcache attribute xmlns:xsi
17:07:22.797 [play-dev-mode-akka.actor.default-dispatcher-10] DEBUG net.sf.ehcache.config.BeanHandler - Ignoring ehcache attribute xsi:noNamespaceSchemaLocation
17:07:22.797 [play-dev-mode-akka.actor.default-dispatcher-10] DEBUG net.sf.ehcache.CacheManager - Creating new CacheManager with config URL: jar:file:/C:/Users/svloeger/.ivy2/cache/com.typesafe.play/play-ehcache_2.12/jars/play-ehcache_2.12-2.6.6.jar!/ehcache-default.xml
17:07:22.797 [play-dev-mode-akka.actor.default-dispatcher-10] DEBUG net.sf.ehcache.util.PropertyUtil - propertiesString is null.
17:07:22.797 [play-dev-mode-akka.actor.default-dispatcher-10] DEBUG n.s.e.config.ConfigurationHelper - No CacheManagerEventListenerFactory class specified. Skipping...
17:07:22.797 [play-dev-mode-akka.actor.default-dispatcher-10] DEBUG net.sf.ehcache.Cache - No BootstrapCacheLoaderFactory class specified. Skipping...
17:07:22.797 [play-dev-mode-akka.actor.default-dispatcher-10] DEBUG net.sf.ehcache.Cache - CacheWriter factory not configured. Skipping...
17:07:22.797 [play-dev-mode-akka.actor.default-dispatcher-10] DEBUG n.s.e.config.ConfigurationHelper - No CacheExceptionHandlerFactory class specified. Skipping...
17:07:22.812 [play-dev-mode-akka.actor.default-dispatcher-10] INFO  o.quartz.core.SchedulerSignalerImpl - Initialized Scheduler Signaller of type: class org.quartz.core.SchedulerSignalerImpl
17:07:22.812 [play-dev-mode-akka.actor.default-dispatcher-10] INFO  org.quartz.core.QuartzScheduler - Quartz Scheduler v.2.2.3 created.
17:07:22.812 [play-dev-mode-akka.actor.default-dispatcher-10] INFO  org.quartz.simpl.RAMJobStore - RAMJobStore initialized.
17:07:22.812 [play-dev-mode-akka.actor.default-dispatcher-10] INFO  org.quartz.core.QuartzScheduler - Scheduler meta-data: Quartz Scheduler (v2.2.3) 'QuartzScheduler~application' with instanceId 'application'
  Scheduler class: 'org.quartz.core.QuartzScheduler' - running locally.
  NOT STARTED.
  Currently in standby mode.
  Number of jobs executed: 0
  Using thread pool 'org.quartz.simpl.SimpleThreadPool' - with 1 threads.
  Using job-store 'org.quartz.simpl.RAMJobStore' - which does not support persistence. and is not clustered.

17:07:22.812 [play-dev-mode-akka.actor.default-dispatcher-10] INFO  o.quartz.impl.DirectSchedulerFactory - Quartz scheduler 'QuartzScheduler~application
17:07:22.812 [play-dev-mode-akka.actor.default-dispatcher-10] INFO  o.quartz.impl.DirectSchedulerFactory - Quartz scheduler version: 2.2.3
17:07:22.812 [play-dev-mode-akka.actor.default-dispatcher-10] INFO  org.quartz.core.QuartzScheduler - Scheduler QuartzScheduler~application_$_application started.
17:07:22.812 [QuartzScheduler~application_QuartzSchedulerThread] DEBUG o.quartz.core.QuartzSchedulerThread - batch acquisition of 0 triggers
17:07:22.812 [application-akka.actor.default-dispatcher-3] INFO  c.t.a.e.q.QuartzSchedulerExtension - Setting up scheduled job 'AuthTokenCleaner', with 'com.typesafe.akka.extension.quartz.QuartzCronSchedule@af5b468'
17:07:22.812 [QuartzScheduler~application_QuartzSchedulerThread] DEBUG o.quartz.core.QuartzSchedulerThread - batch acquisition of 0 triggers
17:07:22.828 [play-dev-mode-akka.actor.default-dispatcher-10] INFO  application - ApplicationTimer demo: Starting application at 2018-01-16T16:07:22.812Z.
17:07:22.875 [AKKA_QRTZ_-1] DEBUG org.quartz.simpl.SimpleThreadPool - WorkerThread is shut down.
17:07:22.891 [scala-execution-context-global-158] INFO  jobs.AuthTokenCleaner - 
=================================
Start to cleanup auth tokens
=================================
Total of 0 auth tokens(s) were deleted in 0 seconds
=================================
=================================

17:07:23.254 [play-dev-mode-akka.actor.default-dispatcher-10] INFO  play.api.Play - Application started (Dev)
17:07:48.348 [QuartzScheduler~application_QuartzSchedulerThread] DEBUG o.quartz.core.QuartzSchedulerThread - batch acquisition of 0 triggers
17:08:14.859 [QuartzScheduler~application_QuartzSchedulerThread] DEBUG o.quartz.core.QuartzSchedulerThread - batch acquisition of 0 triggers
17:08:41.547 [QuartzScheduler~application_QuartzSchedulerThread] DEBUG o.quartz.core.QuartzSchedulerThread - batch acquisition of 0 triggers
17:09:07.049 [QuartzScheduler~application_QuartzSchedulerThread] DEBUG o.quartz.core.QuartzSchedulerThread - batch acquisition of 0 triggers
17:09:32.238 [QuartzScheduler~application_QuartzSchedulerThread] DEBUG o.quartz.core.QuartzSchedulerThread - batch acquisition of 0 triggers
17:10:02.222 [QuartzScheduler~application_QuartzSchedulerThread] DEBUG o.quartz.core.QuartzSchedulerThread - batch acquisition of 0 triggers
17:10:30.586 [QuartzScheduler~application_QuartzSchedulerThread] DEBUG o.quartz.core.QuartzSchedulerThread - batch acquisition of 0 triggers
17:10:55.183 [QuartzScheduler~application_QuartzSchedulerThread] DEBUG o.quartz.core.QuartzSchedulerThread - batch acquisition of 0 triggers
17:11:24.469 [QuartzScheduler~application_QuartzSchedulerThread] DEBUG o.quartz.core.QuartzSchedulerThread - batch acquisition of 0 triggers
17:11:50.573 [QuartzScheduler~application_QuartzSchedulerThread] DEBUG o.quartz.core.QuartzSchedulerThread - batch acquisition of 0 triggers
17:12:14.934 [QuartzScheduler~application_QuartzSchedulerThread] DEBUG o.quartz.core.QuartzSchedulerThread - batch acquisition of 0 triggers
17:12:38.926 [QuartzScheduler~application_QuartzSchedulerThread] DEBUG o.quartz.core.QuartzSchedulerThread - batch acquisition of 0 triggers
17:13:08.596 [QuartzScheduler~application_QuartzSchedulerThread] DEBUG o.quartz.core.QuartzSchedulerThread - batch acquisition of 0 triggers
17:13:38.267 [QuartzScheduler~application_QuartzSchedulerThread] DEBUG o.quartz.core.QuartzSchedulerThread - batch acquisition of 0 triggers
17:14:06.468 [QuartzScheduler~application_QuartzSchedulerThread] DEBUG o.quartz.core.QuartzSchedulerThread - batch acquisition of 0 triggers
17:14:35.222 [QuartzScheduler~application_QuartzSchedulerThread] DEBUG o.quartz.core.QuartzSchedulerThread - batch acquisition of 0 triggers
17:14:59.954 [QuartzScheduler~application_QuartzSchedulerThread] DEBUG o.quartz.core.QuartzSchedulerThread - batch acquisition of 0 triggers
17:15:29.934 [QuartzScheduler~application_QuartzSchedulerThread] DEBUG o.quartz.core.QuartzSchedulerThread - batch acquisition of 0 triggers
17:15:58.564 [QuartzScheduler~application_QuartzSchedulerThread] DEBUG o.quartz.core.QuartzSchedulerThread - batch acquisition of 0 triggers
17:16:23.796 [QuartzScheduler~application_QuartzSchedulerThread] DEBUG o.quartz.core.QuartzSchedulerThread - batch acquisition of 0 triggers
17:16:51.577 [QuartzScheduler~application_QuartzSchedulerThread] DEBUG o.quartz.core.QuartzSchedulerThread - batch acquisition of 0 triggers
17:17:20.880 [QuartzScheduler~application_QuartzSchedulerThread] DEBUG o.quartz.core.QuartzSchedulerThread - batch acquisition of 0 triggers
17:17:50.712 [QuartzScheduler~application_QuartzSchedulerThread] DEBUG o.quartz.core.QuartzSchedulerThread - batch acquisition of 0 triggers
17:18:14.010 [QuartzScheduler~application_QuartzSchedulerThread] DEBUG o.quartz.core.QuartzSchedulerThread - batch acquisition of 0 triggers
17:18:42.362 [QuartzScheduler~application_QuartzSchedulerThread] DEBUG o.quartz.core.QuartzSchedulerThread - batch acquisition of 0 triggers
17:19:10.233 [QuartzScheduler~application_QuartzSchedulerThread] DEBUG o.quartz.core.QuartzSchedulerThread - batch acquisition of 0 triggers
17:19:34.505 [QuartzScheduler~application_QuartzSchedulerThread] DEBUG o.quartz.core.QuartzSchedulerThread - batch acquisition of 0 triggers
17:20:01.051 [QuartzScheduler~application_QuartzSchedulerThread] DEBUG o.quartz.core.QuartzSchedulerThread - batch acquisition of 0 triggers
17:20:30.809 [QuartzScheduler~application_QuartzSchedulerThread] DEBUG o.quartz.core.QuartzSchedulerThread - batch acquisition of 0 triggers
17:20:59.856 [QuartzScheduler~application_QuartzSchedulerThread] DEBUG o.quartz.core.QuartzSchedulerThread - batch acquisition of 0 triggers
17:21:24.370 [QuartzScheduler~application_QuartzSchedulerThread] DEBUG o.quartz.core.QuartzSchedulerThread - batch acquisition of 0 triggers
17:21:52.371 [QuartzScheduler~application_QuartzSchedulerThread] DEBUG o.quartz.core.QuartzSchedulerThread - batch acquisition of 0 triggers
17:22:18.489 [QuartzScheduler~application_QuartzSchedulerThread] DEBUG o.quartz.core.QuartzSchedulerThread - batch acquisition of 0 triggers
17:22:42.615 [QuartzScheduler~application_QuartzSchedulerThread] DEBUG o.quartz.core.QuartzSchedulerThread - batch acquisition of 0 triggers
17:23:12.465 [QuartzScheduler~application_QuartzSchedulerThread] DEBUG o.quartz.core.QuartzSchedulerThread - batch acquisition of 0 triggers
17:23:38.935 [QuartzScheduler~application_QuartzSchedulerThread] DEBUG o.quartz.core.QuartzSchedulerThread - batch acquisition of 0 triggers
17:24:08.662 [QuartzScheduler~application_QuartzSchedulerThread] DEBUG o.quartz.core.QuartzSchedulerThread - batch acquisition of 0 triggers
17:24:33.031 [QuartzScheduler~application_QuartzSchedulerThread] DEBUG o.quartz.core.QuartzSchedulerThread - batch acquisition of 0 triggers
17:24:56.066 [QuartzScheduler~application_QuartzSchedulerThread] DEBUG o.quartz.core.QuartzSchedulerThread - batch acquisition of 0 triggers
17:25:23.898 [QuartzScheduler~application_QuartzSchedulerThread] DEBUG o.quartz.core.QuartzSchedulerThread - batch acquisition of 0 triggers
17:25:52.434 [QuartzScheduler~application_QuartzSchedulerThread] DEBUG o.quartz.core.QuartzSchedulerThread - batch acquisition of 0 triggers
17:26:18.344 [QuartzScheduler~application_QuartzSchedulerThread] DEBUG o.quartz.core.QuartzSchedulerThread - batch acquisition of 0 triggers
17:26:47.629 [QuartzScheduler~application_QuartzSchedulerThread] DEBUG o.quartz.core.QuartzSchedulerThread - batch acquisition of 0 triggers
17:27:12.030 [QuartzScheduler~application_QuartzSchedulerThread] DEBUG o.quartz.core.QuartzSchedulerThread - batch acquisition of 0 triggers
17:27:38.743 [QuartzScheduler~application_QuartzSchedulerThread] DEBUG o.quartz.core.QuartzSchedulerThread - batch acquisition of 0 triggers
17:28:07.034 [QuartzScheduler~application_QuartzSchedulerThread] DEBUG o.quartz.core.QuartzSchedulerThread - batch acquisition of 0 triggers
17:28:33.568 [QuartzScheduler~application_QuartzSchedulerThread] DEBUG o.quartz.core.QuartzSchedulerThread - batch acquisition of 0 triggers
17:28:58.622 [QuartzScheduler~application_QuartzSchedulerThread] DEBUG o.quartz.core.QuartzSchedulerThread - batch acquisition of 0 triggers
17:29:28.537 [QuartzScheduler~application_QuartzSchedulerThread] DEBUG o.quartz.core.QuartzSchedulerThread - batch acquisition of 0 triggers
17:29:53.779 [QuartzScheduler~application_QuartzSchedulerThread] DEBUG o.quartz.core.QuartzSchedulerThread - batch acquisition of 0 triggers
17:30:22.310 [QuartzScheduler~application_QuartzSchedulerThread] DEBUG o.quartz.core.QuartzSchedulerThread - batch acquisition of 0 triggers
17:30:49.524 [QuartzScheduler~application_QuartzSchedulerThread] DEBUG o.quartz.core.QuartzSchedulerThread - batch acquisition of 0 triggers
17:31:19.175 [QuartzScheduler~application_QuartzSchedulerThread] DEBUG o.quartz.core.QuartzSchedulerThread - batch acquisition of 0 triggers
17:31:43.587 [QuartzScheduler~application_QuartzSchedulerThread] DEBUG o.quartz.core.QuartzSchedulerThread - batch acquisition of 0 triggers
17:32:08.079 [QuartzScheduler~application_QuartzSchedulerThread] DEBUG o.quartz.core.QuartzSchedulerThread - batch acquisition of 0 triggers
17:32:35.772 [QuartzScheduler~application_QuartzSchedulerThread] DEBUG o.quartz.core.QuartzSchedulerThread - batch acquisition of 0 triggers
17:33:04.909 [QuartzScheduler~application_QuartzSchedulerThread] DEBUG o.quartz.core.QuartzSchedulerThread - batch acquisition of 0 triggers
17:33:31.992 [QuartzScheduler~application_QuartzSchedulerThread] DEBUG o.quartz.core.QuartzSchedulerThread - batch acquisition of 0 triggers
17:33:58.679 [QuartzScheduler~application_QuartzSchedulerThread] DEBUG o.quartz.core.QuartzSchedulerThread - batch acquisition of 0 triggers
17:34:27.676 [QuartzScheduler~application_QuartzSchedulerThread] DEBUG o.quartz.core.QuartzSchedulerThread - batch acquisition of 0 triggers
17:34:57.105 [QuartzScheduler~application_QuartzSchedulerThread] DEBUG o.quartz.core.QuartzSchedulerThread - batch acquisition of 0 triggers
17:35:25.721 [QuartzScheduler~application_QuartzSchedulerThread] DEBUG o.quartz.core.QuartzSchedulerThread - batch acquisition of 0 triggers
17:35:55.095 [QuartzScheduler~application_QuartzSchedulerThread] DEBUG o.quartz.core.QuartzSchedulerThread - batch acquisition of 0 triggers
17:36:21.165 [QuartzScheduler~application_QuartzSchedulerThread] DEBUG o.quartz.core.QuartzSchedulerThread - batch acquisition of 0 triggers
17:36:49.227 [QuartzScheduler~application_QuartzSchedulerThread] DEBUG o.quartz.core.QuartzSchedulerThread - batch acquisition of 0 triggers
17:37:19.226 [QuartzScheduler~application_QuartzSchedulerThread] DEBUG o.quartz.core.QuartzSchedulerThread - batch acquisition of 0 triggers
17:37:44.255 [QuartzScheduler~application_QuartzSchedulerThread] DEBUG o.quartz.core.QuartzSchedulerThread - batch acquisition of 0 triggers
17:38:14.008 [QuartzScheduler~application_QuartzSchedulerThread] DEBUG o.quartz.core.QuartzSchedulerThread - batch acquisition of 0 triggers
17:38:41.387 [QuartzScheduler~application_QuartzSchedulerThread] DEBUG o.quartz.core.QuartzSchedulerThread - batch acquisition of 0 triggers
17:39:08.109 [QuartzScheduler~application_QuartzSchedulerThread] DEBUG o.quartz.core.QuartzSchedulerThread - batch acquisition of 0 triggers
17:39:32.439 [QuartzScheduler~application_QuartzSchedulerThread] DEBUG o.quartz.core.QuartzSchedulerThread - batch acquisition of 0 triggers
17:40:00.416 [QuartzScheduler~application_QuartzSchedulerThread] DEBUG o.quartz.core.QuartzSchedulerThread - batch acquisition of 0 triggers
17:40:28.856 [QuartzScheduler~application_QuartzSchedulerThread] DEBUG o.quartz.core.QuartzSchedulerThread - batch acquisition of 0 triggers
17:40:55.773 [QuartzScheduler~application_QuartzSchedulerThread] DEBUG o.quartz.core.QuartzSchedulerThread - batch acquisition of 0 triggers
17:41:19.832 [QuartzScheduler~application_QuartzSchedulerThread] DEBUG o.quartz.core.QuartzSchedulerThread - batch acquisition of 0 triggers
17:41:48.190 [QuartzScheduler~application_QuartzSchedulerThread] DEBUG o.quartz.core.QuartzSchedulerThread - batch acquisition of 0 triggers
17:42:14.955 [QuartzScheduler~application_QuartzSchedulerThread] DEBUG o.quartz.core.QuartzSchedulerThread - batch acquisition of 0 triggers
17:42:39.256 [QuartzScheduler~application_QuartzSchedulerThread] DEBUG o.quartz.core.QuartzSchedulerThread - batch acquisition of 0 triggers
17:43:03.016 [QuartzScheduler~application_QuartzSchedulerThread] DEBUG o.quartz.core.QuartzSchedulerThread - batch acquisition of 0 triggers
17:43:26.448 [QuartzScheduler~application_QuartzSchedulerThread] DEBUG o.quartz.core.QuartzSchedulerThread - batch acquisition of 0 triggers
17:43:50.518 [QuartzScheduler~application_QuartzSchedulerThread] DEBUG o.quartz.core.QuartzSchedulerThread - batch acquisition of 0 triggers
17:44:15.815 [QuartzScheduler~application_QuartzSchedulerThread] DEBUG o.quartz.core.QuartzSchedulerThread - batch acquisition of 0 triggers
17:44:42.941 [QuartzScheduler~application_QuartzSchedulerThread] DEBUG o.quartz.core.QuartzSchedulerThread - batch acquisition of 0 triggers
17:45:10.509 [QuartzScheduler~application_QuartzSchedulerThread] DEBUG o.quartz.core.QuartzSchedulerThread - batch acquisition of 0 triggers
17:45:33.756 [QuartzScheduler~application_QuartzSchedulerThread] DEBUG o.quartz.core.QuartzSchedulerThread - batch acquisition of 0 triggers
